<?xml version="1.0" encoding="UTF-8"?>
<testng-results ignored="0" total="7" passed="7" failed="0" skipped="0">
  <reporter-output>
  </reporter-output>
  <suite started-at="2025-09-15T17:10:46 KST" name="Default suite" finished-at="2025-09-15T17:10:51 KST" duration-ms="4857">
    <groups>
    </groups>
    <test started-at="2025-09-15T17:10:46 KST" name="Default test" finished-at="2025-09-15T17:10:51 KST" duration-ms="4857">
      <class name="org.shark.boot02.ApplicationTests">
        <test-method is-config="true" signature="springTestContextBeforeTestClass()[pri:0, instance:org.shark.boot02.ApplicationTests@4ba302e0]" started-at="2025-09-15T17:10:46 KST" name="springTestContextBeforeTestClass" finished-at="2025-09-15T17:10:46 KST" duration-ms="16" status="PASS">
          <reporter-output>
          </reporter-output>
        </test-method> <!-- springTestContextBeforeTestClass -->
        <test-method is-config="true" signature="springTestContextPrepareTestInstance()[pri:0, instance:org.shark.boot02.ApplicationTests@4ba302e0]" started-at="2025-09-15T17:10:46 KST" name="springTestContextPrepareTestInstance" finished-at="2025-09-15T17:10:50 KST" depends-on-methods="org.springframework.test.context.testng.AbstractTestNGSpringContextTests.springTestContextBeforeTestClass" duration-ms="3341" status="PASS">
          <reporter-output>
          </reporter-output>
        </test-method> <!-- springTestContextPrepareTestInstance -->
        <test-method is-config="true" signature="springTestContextBeforeTestMethod(java.lang.reflect.Method)[pri:0, instance:org.shark.boot02.ApplicationTests@4ba302e0]" started-at="2025-09-15T17:10:50 KST" name="springTestContextBeforeTestMethod" finished-at="2025-09-15T17:10:51 KST" duration-ms="1170" status="PASS">
          <params>
            <param index="0">
              <value>
                <![CDATA[public void org.shark.boot02.ApplicationTests.contextLoads()]]>
              </value>
            </param>
          </params>
          <reporter-output>
          </reporter-output>
        </test-method> <!-- springTestContextBeforeTestMethod -->
        <test-method signature="contextLoads()[pri:0, instance:org.shark.boot02.ApplicationTests@4ba302e0]" started-at="2025-09-15T17:10:51 KST" name="contextLoads" description="컨텍스트 로드 테스트" finished-at="2025-09-15T17:10:51 KST" duration-ms="18" status="PASS">
          <reporter-output>
          </reporter-output>
        </test-method> <!-- contextLoads -->
        <test-method is-config="true" signature="springTestContextAfterTestMethod(java.lang.reflect.Method)[pri:0, instance:org.shark.boot02.ApplicationTests@4ba302e0]" started-at="2025-09-15T17:10:51 KST" name="springTestContextAfterTestMethod" finished-at="2025-09-15T17:10:51 KST" duration-ms="6" status="PASS">
          <params>
            <param index="0">
              <value>
                <![CDATA[public void org.shark.boot02.ApplicationTests.contextLoads()]]>
              </value>
            </param>
          </params>
          <reporter-output>
          </reporter-output>
        </test-method> <!-- springTestContextAfterTestMethod -->
        <test-method is-config="true" signature="springTestContextBeforeTestMethod(java.lang.reflect.Method)[pri:0, instance:org.shark.boot02.ApplicationTests@4ba302e0]" started-at="2025-09-15T17:10:51 KST" name="springTestContextBeforeTestMethod" finished-at="2025-09-15T17:10:51 KST" duration-ms="6" status="PASS">
          <params>
            <param index="0">
              <value>
                <![CDATA[public void org.shark.boot02.ApplicationTests.nowTest()]]>
              </value>
            </param>
          </params>
          <reporter-output>
          </reporter-output>
        </test-method> <!-- springTestContextBeforeTestMethod -->
        <test-method signature="nowTest()[pri:0, instance:org.shark.boot02.ApplicationTests@4ba302e0]" started-at="2025-09-15T17:10:51 KST" name="nowTest" description="현재 시간 가져오기 테스트" finished-at="2025-09-15T17:10:51 KST" depends-on-methods="org.shark.boot02.ApplicationTests.contextLoads" duration-ms="106" status="PASS">
          <reporter-output>
          </reporter-output>
        </test-method> <!-- nowTest -->
        <test-method is-config="true" signature="springTestContextAfterTestMethod(java.lang.reflect.Method)[pri:0, instance:org.shark.boot02.ApplicationTests@4ba302e0]" started-at="2025-09-15T17:10:51 KST" name="springTestContextAfterTestMethod" finished-at="2025-09-15T17:10:51 KST" duration-ms="3" status="PASS">
          <params>
            <param index="0">
              <value>
                <![CDATA[public void org.shark.boot02.ApplicationTests.nowTest()]]>
              </value>
            </param>
          </params>
          <reporter-output>
          </reporter-output>
        </test-method> <!-- springTestContextAfterTestMethod -->
        <test-method is-config="true" signature="springTestContextBeforeTestMethod(java.lang.reflect.Method)[pri:0, instance:org.shark.boot02.ApplicationTests@4ba302e0]" started-at="2025-09-15T17:10:51 KST" name="springTestContextBeforeTestMethod" finished-at="2025-09-15T17:10:51 KST" duration-ms="3" status="PASS">
          <params>
            <param index="0">
              <value>
                <![CDATA[public void org.shark.boot02.ApplicationTests.boardInsertTest()]]>
              </value>
            </param>
          </params>
          <reporter-output>
          </reporter-output>
        </test-method> <!-- springTestContextBeforeTestMethod -->
        <test-method signature="boardInsertTest()[pri:1, instance:org.shark.boot02.ApplicationTests@4ba302e0]" started-at="2025-09-15T17:10:51 KST" name="boardInsertTest" description="신규 게시글 등록 테스트" finished-at="2025-09-15T17:10:51 KST" duration-ms="26" status="PASS">
          <reporter-output>
          </reporter-output>
        </test-method> <!-- boardInsertTest -->
        <test-method is-config="true" signature="springTestContextAfterTestMethod(java.lang.reflect.Method)[pri:0, instance:org.shark.boot02.ApplicationTests@4ba302e0]" started-at="2025-09-15T17:10:51 KST" name="springTestContextAfterTestMethod" finished-at="2025-09-15T17:10:51 KST" duration-ms="4" status="PASS">
          <params>
            <param index="0">
              <value>
                <![CDATA[public void org.shark.boot02.ApplicationTests.boardInsertTest()]]>
              </value>
            </param>
          </params>
          <reporter-output>
          </reporter-output>
        </test-method> <!-- springTestContextAfterTestMethod -->
        <test-method is-config="true" signature="springTestContextBeforeTestMethod(java.lang.reflect.Method)[pri:0, instance:org.shark.boot02.ApplicationTests@4ba302e0]" started-at="2025-09-15T17:10:51 KST" name="springTestContextBeforeTestMethod" finished-at="2025-09-15T17:10:51 KST" duration-ms="3" status="PASS">
          <params>
            <param index="0">
              <value>
                <![CDATA[public void org.shark.boot02.ApplicationTests.boardDetailTest()]]>
              </value>
            </param>
          </params>
          <reporter-output>
          </reporter-output>
        </test-method> <!-- springTestContextBeforeTestMethod -->
        <test-method signature="boardDetailTest()[pri:2, instance:org.shark.boot02.ApplicationTests@4ba302e0]" started-at="2025-09-15T17:10:51 KST" name="boardDetailTest" description="게시판 상세 테스트" finished-at="2025-09-15T17:10:51 KST" duration-ms="10" status="PASS">
          <reporter-output>
          </reporter-output>
        </test-method> <!-- boardDetailTest -->
        <test-method is-config="true" signature="springTestContextAfterTestMethod(java.lang.reflect.Method)[pri:0, instance:org.shark.boot02.ApplicationTests@4ba302e0]" started-at="2025-09-15T17:10:51 KST" name="springTestContextAfterTestMethod" finished-at="2025-09-15T17:10:51 KST" duration-ms="2" status="PASS">
          <params>
            <param index="0">
              <value>
                <![CDATA[public void org.shark.boot02.ApplicationTests.boardDetailTest()]]>
              </value>
            </param>
          </params>
          <reporter-output>
          </reporter-output>
        </test-method> <!-- springTestContextAfterTestMethod -->
        <test-method is-config="true" signature="springTestContextBeforeTestMethod(java.lang.reflect.Method)[pri:0, instance:org.shark.boot02.ApplicationTests@4ba302e0]" started-at="2025-09-15T17:10:51 KST" name="springTestContextBeforeTestMethod" finished-at="2025-09-15T17:10:51 KST" duration-ms="2" status="PASS">
          <params>
            <param index="0">
              <value>
                <![CDATA[public void org.shark.boot02.ApplicationTests.boardListTest()]]>
              </value>
            </param>
          </params>
          <reporter-output>
          </reporter-output>
        </test-method> <!-- springTestContextBeforeTestMethod -->
        <test-method signature="boardListTest()[pri:3, instance:org.shark.boot02.ApplicationTests@4ba302e0]" started-at="2025-09-15T17:10:51 KST" name="boardListTest" description="게시판 목록 가져오기 테스트" finished-at="2025-09-15T17:10:51 KST" duration-ms="5" status="PASS">
          <reporter-output>
          </reporter-output>
        </test-method> <!-- boardListTest -->
        <test-method is-config="true" signature="springTestContextAfterTestMethod(java.lang.reflect.Method)[pri:0, instance:org.shark.boot02.ApplicationTests@4ba302e0]" started-at="2025-09-15T17:10:51 KST" name="springTestContextAfterTestMethod" finished-at="2025-09-15T17:10:51 KST" duration-ms="4" status="PASS">
          <params>
            <param index="0">
              <value>
                <![CDATA[public void org.shark.boot02.ApplicationTests.boardListTest()]]>
              </value>
            </param>
          </params>
          <reporter-output>
          </reporter-output>
        </test-method> <!-- springTestContextAfterTestMethod -->
        <test-method is-config="true" signature="springTestContextBeforeTestMethod(java.lang.reflect.Method)[pri:0, instance:org.shark.boot02.ApplicationTests@4ba302e0]" started-at="2025-09-15T17:10:51 KST" name="springTestContextBeforeTestMethod" finished-at="2025-09-15T17:10:51 KST" duration-ms="3" status="PASS">
          <params>
            <param index="0">
              <value>
                <![CDATA[public void org.shark.boot02.ApplicationTests.boardUpdateTest()]]>
              </value>
            </param>
          </params>
          <reporter-output>
          </reporter-output>
        </test-method> <!-- springTestContextBeforeTestMethod -->
        <test-method signature="boardUpdateTest()[pri:4, instance:org.shark.boot02.ApplicationTests@4ba302e0]" started-at="2025-09-15T17:10:51 KST" name="boardUpdateTest" description="게시글 수정 테스트" finished-at="2025-09-15T17:10:51 KST" duration-ms="14" status="PASS">
          <reporter-output>
          </reporter-output>
        </test-method> <!-- boardUpdateTest -->
        <test-method is-config="true" signature="springTestContextAfterTestMethod(java.lang.reflect.Method)[pri:0, instance:org.shark.boot02.ApplicationTests@4ba302e0]" started-at="2025-09-15T17:10:51 KST" name="springTestContextAfterTestMethod" finished-at="2025-09-15T17:10:51 KST" duration-ms="3" status="PASS">
          <params>
            <param index="0">
              <value>
                <![CDATA[public void org.shark.boot02.ApplicationTests.boardUpdateTest()]]>
              </value>
            </param>
          </params>
          <reporter-output>
          </reporter-output>
        </test-method> <!-- springTestContextAfterTestMethod -->
        <test-method is-config="true" signature="springTestContextBeforeTestMethod(java.lang.reflect.Method)[pri:0, instance:org.shark.boot02.ApplicationTests@4ba302e0]" started-at="2025-09-15T17:10:51 KST" name="springTestContextBeforeTestMethod" finished-at="2025-09-15T17:10:51 KST" duration-ms="3" status="PASS">
          <params>
            <param index="0">
              <value>
                <![CDATA[public void org.shark.boot02.ApplicationTests.boardDeleteTest()]]>
              </value>
            </param>
          </params>
          <reporter-output>
          </reporter-output>
        </test-method> <!-- springTestContextBeforeTestMethod -->
        <test-method signature="boardDeleteTest()[pri:5, instance:org.shark.boot02.ApplicationTests@4ba302e0]" started-at="2025-09-15T17:10:51 KST" name="boardDeleteTest" description="게시글 삭제 테스트" finished-at="2025-09-15T17:10:51 KST" duration-ms="10" status="PASS">
          <reporter-output>
          </reporter-output>
        </test-method> <!-- boardDeleteTest -->
        <test-method is-config="true" signature="springTestContextAfterTestMethod(java.lang.reflect.Method)[pri:0, instance:org.shark.boot02.ApplicationTests@4ba302e0]" started-at="2025-09-15T17:10:51 KST" name="springTestContextAfterTestMethod" finished-at="2025-09-15T17:10:51 KST" duration-ms="4" status="PASS">
          <params>
            <param index="0">
              <value>
                <![CDATA[public void org.shark.boot02.ApplicationTests.boardDeleteTest()]]>
              </value>
            </param>
          </params>
          <reporter-output>
          </reporter-output>
        </test-method> <!-- springTestContextAfterTestMethod -->
        <test-method is-config="true" signature="springTestContextAfterTestClass()[pri:0, instance:org.shark.boot02.ApplicationTests@4ba302e0]" started-at="2025-09-15T17:10:51 KST" name="springTestContextAfterTestClass" finished-at="2025-09-15T17:10:51 KST" duration-ms="3" status="PASS">
          <reporter-output>
          </reporter-output>
        </test-method> <!-- springTestContextAfterTestClass -->
      </class> <!-- org.shark.boot02.ApplicationTests -->
    </test> <!-- Default test -->
  </suite> <!-- Default suite -->
</testng-results>
